14:31:46:350  INFO 33572 --- [main] com.hmall.HMallApplication               : Starting HMallApplication using Java 11.0.28 on LAPTOP-2PEML7HU with PID 33572 (F:\WorkSpace\IDEA\黑马_微服务\hmall\hm-service\target\classes started by CQH in F:\WorkSpace\IDEA\黑马_微服务\hmall)
14:31:46:357 DEBUG 33572 --- [main] com.hmall.HMallApplication               : Running with Spring Boot v2.7.12, Spring v5.3.27
14:31:46:357  INFO 33572 --- [main] com.hmall.HMallApplication               : The following 1 profile is active: "local"
14:31:47:462  INFO 33572 --- [main] .s.d.r.c.RepositoryConfigurationDelegate : Multiple Spring Data modules found, entering strict repository configuration mode
14:31:47:465  INFO 33572 --- [main] .s.d.r.c.RepositoryConfigurationDelegate : Bootstrapping Spring Data Redis repositories in DEFAULT mode.
14:31:47:513  INFO 33572 --- [main] .s.d.r.c.RepositoryConfigurationDelegate : Finished Spring Data repository scanning in 27 ms. Found 0 Redis repository interfaces.
14:31:48:185  INFO 33572 --- [main] o.s.b.w.embedded.tomcat.TomcatWebServer  : Tomcat initialized with port(s): 8080 (http)
14:31:48:195  INFO 33572 --- [main] o.apache.catalina.core.StandardService   : Starting service [Tomcat]
14:31:48:196  INFO 33572 --- [main] org.apache.catalina.core.StandardEngine  : Starting Servlet engine: [Apache Tomcat/9.0.75]
14:31:48:679  INFO 33572 --- [main] o.a.c.c.C.[Tomcat].[localhost].[/]       : Initializing Spring embedded WebApplicationContext
14:31:48:679  INFO 33572 --- [main] w.s.c.ServletWebServerApplicationContext : Root WebApplicationContext: initialization completed in 2258 ms
14:31:51:528  INFO 33572 --- [main] pertySourcedRequestMappingHandlerMapping : Mapped URL path [/v2/api-docs] onto method [springfox.documentation.swagger2.web.Swagger2ControllerWebMvc#getDocumentation(String, HttpServletRequest)]
14:31:52:120  INFO 33572 --- [main] o.s.b.w.embedded.tomcat.TomcatWebServer  : Tomcat started on port(s): 8080 (http) with context path ''
14:31:52:122  INFO 33572 --- [main] d.s.w.p.DocumentationPluginsBootstrapper : Documentation plugins bootstrapped
14:31:52:125  INFO 33572 --- [main] d.s.w.p.DocumentationPluginsBootstrapper : Found 1 custom documentation plugin(s)
14:31:52:167  INFO 33572 --- [main] s.d.s.w.s.ApiListingReferenceScanner     : Scanning for api listing references
14:31:52:385  INFO 33572 --- [main] com.hmall.HMallApplication               : Started HMallApplication in 6.58 seconds (JVM running for 8.164)
14:36:49:255  INFO 41188 --- [main] com.hmall.HMallApplication               : Starting HMallApplication using Java 11.0.28 on LAPTOP-2PEML7HU with PID 41188 (F:\WorkSpace\IDEA\黑马_微服务\hmall\hm-service\target\classes started by CQH in F:\WorkSpace\IDEA\黑马_微服务\hmall)
14:36:49:259 DEBUG 41188 --- [main] com.hmall.HMallApplication               : Running with Spring Boot v2.7.12, Spring v5.3.27
14:36:49:260  INFO 41188 --- [main] com.hmall.HMallApplication               : The following 1 profile is active: "local"
14:36:50:372  INFO 41188 --- [main] .s.d.r.c.RepositoryConfigurationDelegate : Multiple Spring Data modules found, entering strict repository configuration mode
14:36:50:376  INFO 41188 --- [main] .s.d.r.c.RepositoryConfigurationDelegate : Bootstrapping Spring Data Redis repositories in DEFAULT mode.
14:36:50:417  INFO 41188 --- [main] .s.d.r.c.RepositoryConfigurationDelegate : Finished Spring Data repository scanning in 26 ms. Found 0 Redis repository interfaces.
14:36:51:026  INFO 41188 --- [main] o.s.b.w.embedded.tomcat.TomcatWebServer  : Tomcat initialized with port(s): 8080 (http)
14:36:51:035  INFO 41188 --- [main] o.apache.catalina.core.StandardService   : Starting service [Tomcat]
14:36:51:036  INFO 41188 --- [main] org.apache.catalina.core.StandardEngine  : Starting Servlet engine: [Apache Tomcat/9.0.75]
14:36:51:216  INFO 41188 --- [main] o.a.c.c.C.[Tomcat].[localhost].[/]       : Initializing Spring embedded WebApplicationContext
14:36:51:216  INFO 41188 --- [main] w.s.c.ServletWebServerApplicationContext : Root WebApplicationContext: initialization completed in 1892 ms
14:36:53:749  INFO 41188 --- [main] pertySourcedRequestMappingHandlerMapping : Mapped URL path [/v2/api-docs] onto method [springfox.documentation.swagger2.web.Swagger2ControllerWebMvc#getDocumentation(String, HttpServletRequest)]
14:36:54:139  INFO 41188 --- [main] o.s.b.w.embedded.tomcat.TomcatWebServer  : Tomcat started on port(s): 8080 (http) with context path ''
14:36:54:140  INFO 41188 --- [main] d.s.w.p.DocumentationPluginsBootstrapper : Documentation plugins bootstrapped
14:36:54:143  INFO 41188 --- [main] d.s.w.p.DocumentationPluginsBootstrapper : Found 1 custom documentation plugin(s)
14:36:54:176  INFO 41188 --- [main] s.d.s.w.s.ApiListingReferenceScanner     : Scanning for api listing references
14:36:54:367  INFO 41188 --- [main] com.hmall.HMallApplication               : Started HMallApplication in 5.713 seconds (JVM running for 7.408)
